build/app/intermediates/manifest_merge_blame_file/debug/manifest-merger-blame-debug-report.txt
1<?xml version="1.0" encoding="utf-8"?>
2<manifest xmlns:android="http://schemas.android.com/apk/res/android"
3    package="com.example.seller_rent_car"
4    android:versionCode="1"
5    android:versionName="1.0.0" >
6
7    <uses-sdk
8        android:minSdkVersion="19"
9        android:targetSdkVersion="33" />
10    <!--
11         The INTERNET permission is required for development. Specifically,
12         the Flutter tool needs it to communicate with the running application
13         to allow setting breakpoints, to provide hot reload, etc.
14    -->
15    <uses-permission android:name="android.permission.INTERNET" />
15-->src\debug\AndroidManifest.xml:6:5-66
15-->src\debug\AndroidManifest.xml:6:22-64
16    <uses-permission android:name="android.permission.READ_EXTERNAL_STORAGE" />
16-->src\main\AndroidManifest.xml:3:5-80
16-->src\main\AndroidManifest.xml:3:22-77
17    <uses-permission android:name="android.permission.ACCESS_NETWORK_STATE" />
17-->[com.google.firebase:firebase-auth:22.1.2] AndroidManifest.xml:26:5-79
17-->[com.google.firebase:firebase-auth:22.1.2] AndroidManifest.xml:26:22-76
18
19    <permission
19-->[androidx.core:core:1.10.1] AndroidManifest.xml:22:5-24:47
20        android:name="com.example.seller_rent_car.DYNAMIC_RECEIVER_NOT_EXPORTED_PERMISSION"
20-->[androidx.core:core:1.10.1] AndroidManifest.xml:23:9-81
21        android:protectionLevel="signature" />
21-->[androidx.core:core:1.10.1] AndroidManifest.xml:24:9-44
22
23    <uses-permission android:name="com.example.seller_rent_car.DYNAMIC_RECEIVER_NOT_EXPORTED_PERMISSION" />
23-->[androidx.core:core:1.10.1] AndroidManifest.xml:26:5-97
23-->[androidx.core:core:1.10.1] AndroidManifest.xml:26:22-94
24
25    <application
26        android:name="android.app.Application"
27        android:appComponentFactory="androidx.core.app.CoreComponentFactory"
27-->[androidx.core:core:1.10.1] AndroidManifest.xml:28:18-86
28        android:debuggable="true"
29        android:icon="@mipmap/ic_launcher"
30        android:label="seller_rent_car" >
31        <activity
32            android:name="com.example.seller_rent_car.MainActivity"
33            android:configChanges="orientation|keyboardHidden|keyboard|screenSize|smallestScreenSize|locale|layoutDirection|fontScale|screenLayout|density|uiMode"
34            android:exported="true"
35            android:hardwareAccelerated="true"
36            android:launchMode="singleTop"
37            android:theme="@style/LaunchTheme"
38            android:windowSoftInputMode="adjustResize" >
39
40            <!--
41                 Specifies an Android theme to apply to this Activity as soon as
42                 the Android process has started. This theme is visible to the user
43                 while the Flutter UI initializes. After that, this theme continues
44                 to determine the Window background behind the Flutter UI.
45            -->
46            <meta-data
47                android:name="io.flutter.embedding.android.NormalTheme"
48                android:resource="@style/NormalTheme" />
49
50            <intent-filter>
51                <action android:name="android.intent.action.MAIN" />
52
53                <category android:name="android.intent.category.LAUNCHER" />
54            </intent-filter>
55        </activity>
56        <!--
57             Don't delete the meta-data below.
58             This is used by the Flutter tool to generate GeneratedPluginRegistrant.java
59        -->
60        <meta-data
61            android:name="flutterEmbedding"
62            android:value="2" />
63
64        <service
64-->[:firebase_auth] AndroidManifest.xml:10:9-14:19
65            android:name="com.google.firebase.components.ComponentDiscoveryService"
65-->[:firebase_auth] AndroidManifest.xml:10:18-89
66            android:directBootAware="true"
66-->[com.google.firebase:firebase-common:20.3.3] AndroidManifest.xml:34:13-43
67            android:exported="false" >
67-->[com.google.firebase:firebase-auth:22.1.2] AndroidManifest.xml:68:13-37
68            <meta-data
68-->[:firebase_auth] AndroidManifest.xml:11:13-13:85
69                android:name="com.google.firebase.components:io.flutter.plugins.firebase.auth.FlutterFirebaseAuthRegistrar"
69-->[:firebase_auth] AndroidManifest.xml:12:17-124
70                android:value="com.google.firebase.components.ComponentRegistrar" />
70-->[:firebase_auth] AndroidManifest.xml:13:17-82
71            <meta-data
71-->[:firebase_storage] AndroidManifest.xml:11:13-13:85
72                android:name="com.google.firebase.components:io.flutter.plugins.firebase.storage.FlutterFirebaseAppRegistrar"
72-->[:firebase_storage] AndroidManifest.xml:12:17-126
73                android:value="com.google.firebase.components.ComponentRegistrar" />
73-->[:firebase_storage] AndroidManifest.xml:13:17-82
74            <meta-data
74-->[:cloud_firestore] AndroidManifest.xml:11:13-13:85
75                android:name="com.google.firebase.components:io.flutter.plugins.firebase.firestore.FlutterFirebaseFirestoreRegistrar"
75-->[:cloud_firestore] AndroidManifest.xml:12:17-134
76                android:value="com.google.firebase.components.ComponentRegistrar" />
76-->[:cloud_firestore] AndroidManifest.xml:13:17-82
77            <meta-data
77-->[:firebase_core] AndroidManifest.xml:11:13-13:85
78                android:name="com.google.firebase.components:io.flutter.plugins.firebase.core.FlutterFirebaseCoreRegistrar"
78-->[:firebase_core] AndroidManifest.xml:12:17-124
79                android:value="com.google.firebase.components.ComponentRegistrar" />
79-->[:firebase_core] AndroidManifest.xml:13:17-82
80            <meta-data
80-->[com.google.firebase:firebase-auth:22.1.2] AndroidManifest.xml:69:13-71:85
81                android:name="com.google.firebase.components:com.google.firebase.auth.FirebaseAuthRegistrar"
81-->[com.google.firebase:firebase-auth:22.1.2] AndroidManifest.xml:70:17-109
82                android:value="com.google.firebase.components.ComponentRegistrar" />
82-->[com.google.firebase:firebase-auth:22.1.2] AndroidManifest.xml:71:17-82
83            <meta-data
83-->[com.google.firebase:firebase-firestore:24.8.1] AndroidManifest.xml:17:13-19:85
84                android:name="com.google.firebase.components:com.google.firebase.firestore.FirestoreRegistrar"
84-->[com.google.firebase:firebase-firestore:24.8.1] AndroidManifest.xml:18:17-111
85                android:value="com.google.firebase.components.ComponentRegistrar" />
85-->[com.google.firebase:firebase-firestore:24.8.1] AndroidManifest.xml:19:17-82
86            <meta-data
86-->[com.google.firebase:firebase-storage:20.2.1] AndroidManifest.xml:32:13-34:85
87                android:name="com.google.firebase.components:com.google.firebase.storage.StorageRegistrar"
87-->[com.google.firebase:firebase-storage:20.2.1] AndroidManifest.xml:33:17-107
88                android:value="com.google.firebase.components.ComponentRegistrar" />
88-->[com.google.firebase:firebase-storage:20.2.1] AndroidManifest.xml:34:17-82
89        </service>
90
91        <provider
91-->[:image_picker_android] AndroidManifest.xml:10:9-18:20
92            android:name="io.flutter.plugins.imagepicker.ImagePickerFileProvider"
92-->[:image_picker_android] AndroidManifest.xml:11:13-82
93            android:authorities="com.example.seller_rent_car.flutter.image_provider"
93-->[:image_picker_android] AndroidManifest.xml:12:13-74
94            android:exported="false"
94-->[:image_picker_android] AndroidManifest.xml:13:13-37
95            android:grantUriPermissions="true" >
95-->[:image_picker_android] AndroidManifest.xml:14:13-47
96            <meta-data
96-->[:image_picker_android] AndroidManifest.xml:15:13-17:75
97                android:name="android.support.FILE_PROVIDER_PATHS"
97-->[:image_picker_android] AndroidManifest.xml:16:17-67
98                android:resource="@xml/flutter_image_picker_file_paths" />
98-->[:image_picker_android] AndroidManifest.xml:17:17-72
99        </provider>
100
101        <activity
101-->[com.google.firebase:firebase-auth:22.1.2] AndroidManifest.xml:29:9-46:20
102            android:name="com.google.firebase.auth.internal.GenericIdpActivity"
102-->[com.google.firebase:firebase-auth:22.1.2] AndroidManifest.xml:30:13-80
103            android:excludeFromRecents="true"
103-->[com.google.firebase:firebase-auth:22.1.2] AndroidManifest.xml:31:13-46
104            android:exported="true"
104-->[com.google.firebase:firebase-auth:22.1.2] AndroidManifest.xml:32:13-36
105            android:launchMode="singleTask"
105-->[com.google.firebase:firebase-auth:22.1.2] AndroidManifest.xml:33:13-44
106            android:theme="@android:style/Theme.Translucent.NoTitleBar" >
106-->[com.google.firebase:firebase-auth:22.1.2] AndroidManifest.xml:34:13-72
107            <intent-filter>
107-->[com.google.firebase:firebase-auth:22.1.2] AndroidManifest.xml:35:13-45:29
108                <action android:name="android.intent.action.VIEW" />
108-->[com.google.firebase:firebase-auth:22.1.2] AndroidManifest.xml:36:17-69
108-->[com.google.firebase:firebase-auth:22.1.2] AndroidManifest.xml:36:25-66
109
110                <category android:name="android.intent.category.DEFAULT" />
110-->[com.google.firebase:firebase-auth:22.1.2] AndroidManifest.xml:38:17-76
110-->[com.google.firebase:firebase-auth:22.1.2] AndroidManifest.xml:38:27-73
111                <category android:name="android.intent.category.BROWSABLE" />
111-->[com.google.firebase:firebase-auth:22.1.2] AndroidManifest.xml:39:17-78
111-->[com.google.firebase:firebase-auth:22.1.2] AndroidManifest.xml:39:27-75
112
113                <data
113-->[com.google.firebase:firebase-auth:22.1.2] AndroidManifest.xml:41:17-44:51
114                    android:host="firebase.auth"
114-->[com.google.firebase:firebase-auth:22.1.2] AndroidManifest.xml:42:21-49
115                    android:path="/"
115-->[com.google.firebase:firebase-auth:22.1.2] AndroidManifest.xml:43:21-37
116                    android:scheme="genericidp" />
116-->[com.google.firebase:firebase-auth:22.1.2] AndroidManifest.xml:44:21-48
117            </intent-filter>
118        </activity>
119        <activity
119-->[com.google.firebase:firebase-auth:22.1.2] AndroidManifest.xml:47:9-64:20
120            android:name="com.google.firebase.auth.internal.RecaptchaActivity"
120-->[com.google.firebase:firebase-auth:22.1.2] AndroidManifest.xml:48:13-79
121            android:excludeFromRecents="true"
121-->[com.google.firebase:firebase-auth:22.1.2] AndroidManifest.xml:49:13-46
122            android:exported="true"
122-->[com.google.firebase:firebase-auth:22.1.2] AndroidManifest.xml:50:13-36
123            android:launchMode="singleTask"
123-->[com.google.firebase:firebase-auth:22.1.2] AndroidManifest.xml:51:13-44
124            android:theme="@android:style/Theme.Translucent.NoTitleBar" >
124-->[com.google.firebase:firebase-auth:22.1.2] AndroidManifest.xml:52:13-72
125            <intent-filter>
125-->[com.google.firebase:firebase-auth:22.1.2] AndroidManifest.xml:53:13-63:29
126                <action android:name="android.intent.action.VIEW" />
126-->[com.google.firebase:firebase-auth:22.1.2] AndroidManifest.xml:36:17-69
126-->[com.google.firebase:firebase-auth:22.1.2] AndroidManifest.xml:36:25-66
127
128                <category android:name="android.intent.category.DEFAULT" />
128-->[com.google.firebase:firebase-auth:22.1.2] AndroidManifest.xml:38:17-76
128-->[com.google.firebase:firebase-auth:22.1.2] AndroidManifest.xml:38:27-73
129                <category android:name="android.intent.category.BROWSABLE" />
129-->[com.google.firebase:firebase-auth:22.1.2] AndroidManifest.xml:39:17-78
129-->[com.google.firebase:firebase-auth:22.1.2] AndroidManifest.xml:39:27-75
130
131                <data
131-->[com.google.firebase:firebase-auth:22.1.2] AndroidManifest.xml:41:17-44:51
132                    android:host="firebase.auth"
132-->[com.google.firebase:firebase-auth:22.1.2] AndroidManifest.xml:42:21-49
133                    android:path="/"
133-->[com.google.firebase:firebase-auth:22.1.2] AndroidManifest.xml:43:21-37
134                    android:scheme="recaptcha" />
134-->[com.google.firebase:firebase-auth:22.1.2] AndroidManifest.xml:44:21-48
135            </intent-filter>
136        </activity>
137
138        <provider
138-->[com.google.firebase:firebase-common:20.3.3] AndroidManifest.xml:25:9-30:39
139            android:name="com.google.firebase.provider.FirebaseInitProvider"
139-->[com.google.firebase:firebase-common:20.3.3] AndroidManifest.xml:26:13-77
140            android:authorities="com.example.seller_rent_car.firebaseinitprovider"
140-->[com.google.firebase:firebase-common:20.3.3] AndroidManifest.xml:27:13-72
141            android:directBootAware="true"
141-->[com.google.firebase:firebase-common:20.3.3] AndroidManifest.xml:28:13-43
142            android:exported="false"
142-->[com.google.firebase:firebase-common:20.3.3] AndroidManifest.xml:29:13-37
143            android:initOrder="100" />
143-->[com.google.firebase:firebase-common:20.3.3] AndroidManifest.xml:30:13-36
144
145        <activity
145-->[com.google.android.gms:play-services-base:18.0.1] AndroidManifest.xml:20:9-22:45
146            android:name="com.google.android.gms.common.api.GoogleApiActivity"
146-->[com.google.android.gms:play-services-base:18.0.1] AndroidManifest.xml:20:19-85
147            android:exported="false"
147-->[com.google.android.gms:play-services-base:18.0.1] AndroidManifest.xml:22:19-43
148            android:theme="@android:style/Theme.Translucent.NoTitleBar" />
148-->[com.google.android.gms:play-services-base:18.0.1] AndroidManifest.xml:21:19-78
149
150        <meta-data
150-->[com.google.android.gms:play-services-basement:18.1.0] AndroidManifest.xml:21:9-23:69
151            android:name="com.google.android.gms.version"
151-->[com.google.android.gms:play-services-basement:18.1.0] AndroidManifest.xml:22:13-58
152            android:value="@integer/google_play_services_version" />
152-->[com.google.android.gms:play-services-basement:18.1.0] AndroidManifest.xml:23:13-66
153
154        <uses-library
154-->[androidx.window:window:1.0.0-beta04] AndroidManifest.xml:25:9-27:40
155            android:name="androidx.window.extensions"
155-->[androidx.window:window:1.0.0-beta04] AndroidManifest.xml:26:13-54
156            android:required="false" />
156-->[androidx.window:window:1.0.0-beta04] AndroidManifest.xml:27:13-37
157        <uses-library
157-->[androidx.window:window:1.0.0-beta04] AndroidManifest.xml:28:9-30:40
158            android:name="androidx.window.sidecar"
158-->[androidx.window:window:1.0.0-beta04] AndroidManifest.xml:29:13-51
159            android:required="false" />
159-->[androidx.window:window:1.0.0-beta04] AndroidManifest.xml:30:13-37
160
161        <provider
161-->[androidx.profileinstaller:profileinstaller:1.3.0] AndroidManifest.xml:24:9-32:20
162            android:name="androidx.startup.InitializationProvider"
162-->[androidx.profileinstaller:profileinstaller:1.3.0] AndroidManifest.xml:25:13-67
163            android:authorities="com.example.seller_rent_car.androidx-startup"
163-->[androidx.profileinstaller:profileinstaller:1.3.0] AndroidManifest.xml:26:13-68
164            android:exported="false" >
164-->[androidx.profileinstaller:profileinstaller:1.3.0] AndroidManifest.xml:27:13-37
165            <meta-data
165-->[androidx.profileinstaller:profileinstaller:1.3.0] AndroidManifest.xml:29:13-31:52
166                android:name="androidx.profileinstaller.ProfileInstallerInitializer"
166-->[androidx.profileinstaller:profileinstaller:1.3.0] AndroidManifest.xml:30:17-85
167                android:value="androidx.startup" />
167-->[androidx.profileinstaller:profileinstaller:1.3.0] AndroidManifest.xml:31:17-49
168        </provider>
169
170        <receiver
170-->[androidx.profileinstaller:profileinstaller:1.3.0] AndroidManifest.xml:34:9-52:20
171            android:name="androidx.profileinstaller.ProfileInstallReceiver"
171-->[androidx.profileinstaller:profileinstaller:1.3.0] AndroidManifest.xml:35:13-76
172            android:directBootAware="false"
172-->[androidx.profileinstaller:profileinstaller:1.3.0] AndroidManifest.xml:36:13-44
173            android:enabled="true"
173-->[androidx.profileinstaller:profileinstaller:1.3.0] AndroidManifest.xml:37:13-35
174            android:exported="true"
174-->[androidx.profileinstaller:profileinstaller:1.3.0] AndroidManifest.xml:38:13-36
175            android:permission="android.permission.DUMP" >
175-->[androidx.profileinstaller:profileinstaller:1.3.0] AndroidManifest.xml:39:13-57
176            <intent-filter>
176-->[androidx.profileinstaller:profileinstaller:1.3.0] AndroidManifest.xml:40:13-42:29
177                <action android:name="androidx.profileinstaller.action.INSTALL_PROFILE" />
177-->[androidx.profileinstaller:profileinstaller:1.3.0] AndroidManifest.xml:41:17-91
177-->[androidx.profileinstaller:profileinstaller:1.3.0] AndroidManifest.xml:41:25-88
178            </intent-filter>
179            <intent-filter>
179-->[androidx.profileinstaller:profileinstaller:1.3.0] AndroidManifest.xml:43:13-45:29
180                <action android:name="androidx.profileinstaller.action.SKIP_FILE" />
180-->[androidx.profileinstaller:profileinstaller:1.3.0] AndroidManifest.xml:44:17-85
180-->[androidx.profileinstaller:profileinstaller:1.3.0] AndroidManifest.xml:44:25-82
181            </intent-filter>
182            <intent-filter>
182-->[androidx.profileinstaller:profileinstaller:1.3.0] AndroidManifest.xml:46:13-48:29
183                <action android:name="androidx.profileinstaller.action.SAVE_PROFILE" />
183-->[androidx.profileinstaller:profileinstaller:1.3.0] AndroidManifest.xml:47:17-88
183-->[androidx.profileinstaller:profileinstaller:1.3.0] AndroidManifest.xml:47:25-85
184            </intent-filter>
185            <intent-filter>
185-->[androidx.profileinstaller:profileinstaller:1.3.0] AndroidManifest.xml:49:13-51:29
186                <action android:name="androidx.profileinstaller.action.BENCHMARK_OPERATION" />
186-->[androidx.profileinstaller:profileinstaller:1.3.0] AndroidManifest.xml:50:17-95
186-->[androidx.profileinstaller:profileinstaller:1.3.0] AndroidManifest.xml:50:25-92
187            </intent-filter>
188        </receiver>
189    </application>
190
191</manifest>